This is pdfTeX, Version 3.141592653-2.6-1.40.25 (TeX Live 2023) (preloaded format=pdflatex 2023.10.4)  23 MAY 2025 19:33
entering extended mode
 restricted \write18 enabled.
 %&-line parsing enabled.
**visual_tables.tex
(./visual_tables.tex
LaTeX2e <2023-06-01> patch level 1
L3 programming layer <2023-08-29>
(c:/texlive/2023/texmf-dist/tex/latex/base/article.cls
Document Class: article 2023/05/17 v1.4n Standard LaTeX document class
(c:/texlive/2023/texmf-dist/tex/latex/base/size10.clo
File: size10.clo 2023/05/17 v1.4n Standard LaTeX file (size option)
)
\c@part=\count185
\c@section=\count186
\c@subsection=\count187
\c@subsubsection=\count188
\c@paragraph=\count189
\c@subparagraph=\count190
\c@figure=\count191
\c@table=\count192
\abovecaptionskip=\skip48
\belowcaptionskip=\skip49
\bibindent=\dimen140
)
(c:/texlive/2023/texmf-dist/tex/latex/geometry/geometry.sty
Package: geometry 2020/01/02 v5.9 Page Geometry

(c:/texlive/2023/texmf-dist/tex/latex/graphics/keyval.sty
Package: keyval 2022/05/29 v1.15 key=value parser (DPC)
\KV@toks@=\toks17
)
(c:/texlive/2023/texmf-dist/tex/generic/iftex/ifvtex.sty
Package: ifvtex 2019/10/25 v1.7 ifvtex legacy package. Use iftex instead.

(c:/texlive/2023/texmf-dist/tex/generic/iftex/iftex.sty
Package: iftex 2022/02/03 v1.0f TeX engine tests
))
\Gm@cnth=\count193
\Gm@cntv=\count194
\c@Gm@tempcnt=\count195
\Gm@bindingoffset=\dimen141
\Gm@wd@mp=\dimen142
\Gm@odd@mp=\dimen143
\Gm@even@mp=\dimen144
\Gm@layoutwidth=\dimen145
\Gm@layoutheight=\dimen146
\Gm@layouthoffset=\dimen147
\Gm@layoutvoffset=\dimen148
\Gm@dimlist=\toks18
)
(c:/texlive/2023/texmf-dist/tex/latex/graphics/graphicx.sty
Package: graphicx 2021/09/16 v1.2d Enhanced LaTeX Graphics (DPC,SPQR)

(c:/texlive/2023/texmf-dist/tex/latex/graphics/graphics.sty
Package: graphics 2022/03/10 v1.4e Standard LaTeX Graphics (DPC,SPQR)

(c:/texlive/2023/texmf-dist/tex/latex/graphics/trig.sty
Package: trig 2021/08/11 v1.11 sin cos tan (DPC)
)
(c:/texlive/2023/texmf-dist/tex/latex/graphics-cfg/graphics.cfg
File: graphics.cfg 2016/06/04 v1.11 sample graphics configuration
)
Package graphics Info: Driver file: pdftex.def on input line 107.

(c:/texlive/2023/texmf-dist/tex/latex/graphics-def/pdftex.def
File: pdftex.def 2022/09/22 v1.2b Graphics/color driver for pdftex
))
\Gin@req@height=\dimen149
\Gin@req@width=\dimen150
)
(c:/texlive/2023/texmf-dist/tex/latex/booktabs/booktabs.sty
Package: booktabs 2020/01/12 v1.61803398 Publication quality tables
\heavyrulewidth=\dimen151
\lightrulewidth=\dimen152
\cmidrulewidth=\dimen153
\belowrulesep=\dimen154
\belowbottomsep=\dimen155
\aboverulesep=\dimen156
\abovetopsep=\dimen157
\cmidrulesep=\dimen158
\cmidrulekern=\dimen159
\defaultaddspace=\dimen160
\@cmidla=\count196
\@cmidlb=\count197
\@aboverulesep=\dimen161
\@belowrulesep=\dimen162
\@thisruleclass=\count198
\@lastruleclass=\count199
\@thisrulewidth=\dimen163
)
(c:/texlive/2023/texmf-dist/tex/latex/base/textcomp.sty
Package: textcomp 2020/02/02 v2.0n Standard LaTeX package
)
(c:/texlive/2023/texmf-dist/tex/latex/threeparttable/threeparttable.sty
Package: threeparttable 2003/06/13  v 3.0
\@tempboxb=\box51
)
(c:/texlive/2023/texmf-dist/tex/latex/pgf/frontendlayer/tikz.sty
(c:/texlive/2023/texmf-dist/tex/latex/pgf/basiclayer/pgf.sty
(c:/texlive/2023/texmf-dist/tex/latex/pgf/utilities/pgfrcs.sty
(c:/texlive/2023/texmf-dist/tex/generic/pgf/utilities/pgfutil-common.tex
\pgfutil@everybye=\toks19
\pgfutil@tempdima=\dimen164
\pgfutil@tempdimb=\dimen165
)
(c:/texlive/2023/texmf-dist/tex/generic/pgf/utilities/pgfutil-latex.def
\pgfutil@abb=\box52
)
(c:/texlive/2023/texmf-dist/tex/generic/pgf/utilities/pgfrcs.code.tex
(c:/texlive/2023/texmf-dist/tex/generic/pgf/pgf.revision.tex)
Package: pgfrcs 2023-01-15 v3.1.10 (3.1.10)
))
Package: pgf 2023-01-15 v3.1.10 (3.1.10)

(c:/texlive/2023/texmf-dist/tex/latex/pgf/basiclayer/pgfcore.sty
(c:/texlive/2023/texmf-dist/tex/latex/pgf/systemlayer/pgfsys.sty
(c:/texlive/2023/texmf-dist/tex/generic/pgf/systemlayer/pgfsys.code.tex
Package: pgfsys 2023-01-15 v3.1.10 (3.1.10)

(c:/texlive/2023/texmf-dist/tex/generic/pgf/utilities/pgfkeys.code.tex
\pgfkeys@pathtoks=\toks20
\pgfkeys@temptoks=\toks21

(c:/texlive/2023/texmf-dist/tex/generic/pgf/utilities/pgfkeyslibraryfiltered.co
de.tex
\pgfkeys@tmptoks=\toks22
))
\pgf@x=\dimen166
\pgf@y=\dimen167
\pgf@xa=\dimen168
\pgf@ya=\dimen169
\pgf@xb=\dimen170
\pgf@yb=\dimen171
\pgf@xc=\dimen172
\pgf@yc=\dimen173
\pgf@xd=\dimen174
\pgf@yd=\dimen175
\w@pgf@writea=\write3
\r@pgf@reada=\read2
\c@pgf@counta=\count266
\c@pgf@countb=\count267
\c@pgf@countc=\count268
\c@pgf@countd=\count269
\t@pgf@toka=\toks23
\t@pgf@tokb=\toks24
\t@pgf@tokc=\toks25
\pgf@sys@id@count=\count270
 (c:/texlive/2023/texmf-dist/tex/generic/pgf/systemlayer/pgf.cfg
File: pgf.cfg 2023-01-15 v3.1.10 (3.1.10)
)
Driver file for pgf: pgfsys-pdftex.def

(c:/texlive/2023/texmf-dist/tex/generic/pgf/systemlayer/pgfsys-pdftex.def
File: pgfsys-pdftex.def 2023-01-15 v3.1.10 (3.1.10)

(c:/texlive/2023/texmf-dist/tex/generic/pgf/systemlayer/pgfsys-common-pdf.def
File: pgfsys-common-pdf.def 2023-01-15 v3.1.10 (3.1.10)
)))
(c:/texlive/2023/texmf-dist/tex/generic/pgf/systemlayer/pgfsyssoftpath.code.tex
File: pgfsyssoftpath.code.tex 2023-01-15 v3.1.10 (3.1.10)
\pgfsyssoftpath@smallbuffer@items=\count271
\pgfsyssoftpath@bigbuffer@items=\count272
)
(c:/texlive/2023/texmf-dist/tex/generic/pgf/systemlayer/pgfsysprotocol.code.tex
File: pgfsysprotocol.code.tex 2023-01-15 v3.1.10 (3.1.10)
)) (c:/texlive/2023/texmf-dist/tex/latex/xcolor/xcolor.sty
Package: xcolor 2022/06/12 v2.14 LaTeX color extensions (UK)

(c:/texlive/2023/texmf-dist/tex/latex/graphics-cfg/color.cfg
File: color.cfg 2016/01/02 v1.6 sample color configuration
)
Package xcolor Info: Driver file: pdftex.def on input line 227.

(c:/texlive/2023/texmf-dist/tex/latex/graphics/mathcolor.ltx)
Package xcolor Info: Model `cmy' substituted by `cmy0' on input line 1353.
Package xcolor Info: Model `hsb' substituted by `rgb' on input line 1357.
Package xcolor Info: Model `RGB' extended on input line 1369.
Package xcolor Info: Model `HTML' substituted by `rgb' on input line 1371.
Package xcolor Info: Model `Hsb' substituted by `hsb' on input line 1372.
Package xcolor Info: Model `tHsb' substituted by `hsb' on input line 1373.
Package xcolor Info: Model `HSB' substituted by `hsb' on input line 1374.
Package xcolor Info: Model `Gray' substituted by `gray' on input line 1375.
Package xcolor Info: Model `wave' substituted by `hsb' on input line 1376.
)
(c:/texlive/2023/texmf-dist/tex/generic/pgf/basiclayer/pgfcore.code.tex
Package: pgfcore 2023-01-15 v3.1.10 (3.1.10)

(c:/texlive/2023/texmf-dist/tex/generic/pgf/math/pgfmath.code.tex
(c:/texlive/2023/texmf-dist/tex/generic/pgf/math/pgfmathutil.code.tex)
(c:/texlive/2023/texmf-dist/tex/generic/pgf/math/pgfmathparser.code.tex
\pgfmath@dimen=\dimen176
\pgfmath@count=\count273
\pgfmath@box=\box53
\pgfmath@toks=\toks26
\pgfmath@stack@operand=\toks27
\pgfmath@stack@operation=\toks28
)
(c:/texlive/2023/texmf-dist/tex/generic/pgf/math/pgfmathfunctions.code.tex)
(c:/texlive/2023/texmf-dist/tex/generic/pgf/math/pgfmathfunctions.basic.code.te
x)
(c:/texlive/2023/texmf-dist/tex/generic/pgf/math/pgfmathfunctions.trigonometric
.code.tex)
(c:/texlive/2023/texmf-dist/tex/generic/pgf/math/pgfmathfunctions.random.code.t
ex)
(c:/texlive/2023/texmf-dist/tex/generic/pgf/math/pgfmathfunctions.comparison.co
de.tex)
(c:/texlive/2023/texmf-dist/tex/generic/pgf/math/pgfmathfunctions.base.code.tex
)
(c:/texlive/2023/texmf-dist/tex/generic/pgf/math/pgfmathfunctions.round.code.te
x)
(c:/texlive/2023/texmf-dist/tex/generic/pgf/math/pgfmathfunctions.misc.code.tex
)
(c:/texlive/2023/texmf-dist/tex/generic/pgf/math/pgfmathfunctions.integerarithm
etics.code.tex)
(c:/texlive/2023/texmf-dist/tex/generic/pgf/math/pgfmathcalc.code.tex)
(c:/texlive/2023/texmf-dist/tex/generic/pgf/math/pgfmathfloat.code.tex
\c@pgfmathroundto@lastzeros=\count274
))
(c:/texlive/2023/texmf-dist/tex/generic/pgf/math/pgfint.code.tex)
(c:/texlive/2023/texmf-dist/tex/generic/pgf/basiclayer/pgfcorepoints.code.tex
File: pgfcorepoints.code.tex 2023-01-15 v3.1.10 (3.1.10)
\pgf@picminx=\dimen177
\pgf@picmaxx=\dimen178
\pgf@picminy=\dimen179
\pgf@picmaxy=\dimen180
\pgf@pathminx=\dimen181
\pgf@pathmaxx=\dimen182
\pgf@pathminy=\dimen183
\pgf@pathmaxy=\dimen184
\pgf@xx=\dimen185
\pgf@xy=\dimen186
\pgf@yx=\dimen187
\pgf@yy=\dimen188
\pgf@zx=\dimen189
\pgf@zy=\dimen190
)
(c:/texlive/2023/texmf-dist/tex/generic/pgf/basiclayer/pgfcorepathconstruct.cod
e.tex
File: pgfcorepathconstruct.code.tex 2023-01-15 v3.1.10 (3.1.10)
\pgf@path@lastx=\dimen191
\pgf@path@lasty=\dimen192
)
(c:/texlive/2023/texmf-dist/tex/generic/pgf/basiclayer/pgfcorepathusage.code.te
x
File: pgfcorepathusage.code.tex 2023-01-15 v3.1.10 (3.1.10)
\pgf@shorten@end@additional=\dimen193
\pgf@shorten@start@additional=\dimen194
)
(c:/texlive/2023/texmf-dist/tex/generic/pgf/basiclayer/pgfcorescopes.code.tex
File: pgfcorescopes.code.tex 2023-01-15 v3.1.10 (3.1.10)
\pgfpic=\box54
\pgf@hbox=\box55
\pgf@layerbox@main=\box56
\pgf@picture@serial@count=\count275
)
(c:/texlive/2023/texmf-dist/tex/generic/pgf/basiclayer/pgfcoregraphicstate.code
.tex
File: pgfcoregraphicstate.code.tex 2023-01-15 v3.1.10 (3.1.10)
\pgflinewidth=\dimen195
)
(c:/texlive/2023/texmf-dist/tex/generic/pgf/basiclayer/pgfcoretransformations.c
ode.tex
File: pgfcoretransformations.code.tex 2023-01-15 v3.1.10 (3.1.10)
\pgf@pt@x=\dimen196
\pgf@pt@y=\dimen197
\pgf@pt@temp=\dimen198
)
(c:/texlive/2023/texmf-dist/tex/generic/pgf/basiclayer/pgfcorequick.code.tex
File: pgfcorequick.code.tex 2023-01-15 v3.1.10 (3.1.10)
)
(c:/texlive/2023/texmf-dist/tex/generic/pgf/basiclayer/pgfcoreobjects.code.tex
File: pgfcoreobjects.code.tex 2023-01-15 v3.1.10 (3.1.10)
)
(c:/texlive/2023/texmf-dist/tex/generic/pgf/basiclayer/pgfcorepathprocessing.co
de.tex
File: pgfcorepathprocessing.code.tex 2023-01-15 v3.1.10 (3.1.10)
)
(c:/texlive/2023/texmf-dist/tex/generic/pgf/basiclayer/pgfcorearrows.code.tex
File: pgfcorearrows.code.tex 2023-01-15 v3.1.10 (3.1.10)
\pgfarrowsep=\dimen199
)
(c:/texlive/2023/texmf-dist/tex/generic/pgf/basiclayer/pgfcoreshade.code.tex
File: pgfcoreshade.code.tex 2023-01-15 v3.1.10 (3.1.10)
\pgf@max=\dimen256
\pgf@sys@shading@range@num=\count276
\pgf@shadingcount=\count277
)
(c:/texlive/2023/texmf-dist/tex/generic/pgf/basiclayer/pgfcoreimage.code.tex
File: pgfcoreimage.code.tex 2023-01-15 v3.1.10 (3.1.10)
)
(c:/texlive/2023/texmf-dist/tex/generic/pgf/basiclayer/pgfcoreexternal.code.tex
File: pgfcoreexternal.code.tex 2023-01-15 v3.1.10 (3.1.10)
\pgfexternal@startupbox=\box57
) (c:/texlive/2023/texmf-dist/tex/generic/pgf/basiclayer/pgfcorelayers.code.tex
File: pgfcorelayers.code.tex 2023-01-15 v3.1.10 (3.1.10)
)
(c:/texlive/2023/texmf-dist/tex/generic/pgf/basiclayer/pgfcoretransparency.code
.tex
File: pgfcoretransparency.code.tex 2023-01-15 v3.1.10 (3.1.10)
)
(c:/texlive/2023/texmf-dist/tex/generic/pgf/basiclayer/pgfcorepatterns.code.tex
File: pgfcorepatterns.code.tex 2023-01-15 v3.1.10 (3.1.10)
) (c:/texlive/2023/texmf-dist/tex/generic/pgf/basiclayer/pgfcorerdf.code.tex
File: pgfcorerdf.code.tex 2023-01-15 v3.1.10 (3.1.10)
))) (c:/texlive/2023/texmf-dist/tex/generic/pgf/modules/pgfmoduleshapes.code.te
x
File: pgfmoduleshapes.code.tex 2023-01-15 v3.1.10 (3.1.10)
\pgfnodeparttextbox=\box58
)
(c:/texlive/2023/texmf-dist/tex/generic/pgf/modules/pgfmoduleplot.code.tex
File: pgfmoduleplot.code.tex 2023-01-15 v3.1.10 (3.1.10)
)
(c:/texlive/2023/texmf-dist/tex/latex/pgf/compatibility/pgfcomp-version-0-65.st
y
Package: pgfcomp-version-0-65 2023-01-15 v3.1.10 (3.1.10)
\pgf@nodesepstart=\dimen257
\pgf@nodesepend=\dimen258
)
(c:/texlive/2023/texmf-dist/tex/latex/pgf/compatibility/pgfcomp-version-1-18.st
y
Package: pgfcomp-version-1-18 2023-01-15 v3.1.10 (3.1.10)
)) (c:/texlive/2023/texmf-dist/tex/latex/pgf/utilities/pgffor.sty
(c:/texlive/2023/texmf-dist/tex/latex/pgf/utilities/pgfkeys.sty
(c:/texlive/2023/texmf-dist/tex/generic/pgf/utilities/pgfkeys.code.tex))
(c:/texlive/2023/texmf-dist/tex/latex/pgf/math/pgfmath.sty
(c:/texlive/2023/texmf-dist/tex/generic/pgf/math/pgfmath.code.tex))
(c:/texlive/2023/texmf-dist/tex/generic/pgf/utilities/pgffor.code.tex
Package: pgffor 2023-01-15 v3.1.10 (3.1.10)
\pgffor@iter=\dimen259
\pgffor@skip=\dimen260
\pgffor@stack=\toks29
\pgffor@toks=\toks30
))
(c:/texlive/2023/texmf-dist/tex/generic/pgf/frontendlayer/tikz/tikz.code.tex
Package: tikz 2023-01-15 v3.1.10 (3.1.10)

(c:/texlive/2023/texmf-dist/tex/generic/pgf/libraries/pgflibraryplothandlers.co
de.tex
File: pgflibraryplothandlers.code.tex 2023-01-15 v3.1.10 (3.1.10)
\pgf@plot@mark@count=\count278
\pgfplotmarksize=\dimen261
)
\tikz@lastx=\dimen262
\tikz@lasty=\dimen263
\tikz@lastxsaved=\dimen264
\tikz@lastysaved=\dimen265
\tikz@lastmovetox=\dimen266
\tikz@lastmovetoy=\dimen267
\tikzleveldistance=\dimen268
\tikzsiblingdistance=\dimen269
\tikz@figbox=\box59
\tikz@figbox@bg=\box60
\tikz@tempbox=\box61
\tikz@tempbox@bg=\box62
\tikztreelevel=\count279
\tikznumberofchildren=\count280
\tikznumberofcurrentchild=\count281
\tikz@fig@count=\count282

(c:/texlive/2023/texmf-dist/tex/generic/pgf/modules/pgfmodulematrix.code.tex
File: pgfmodulematrix.code.tex 2023-01-15 v3.1.10 (3.1.10)
\pgfmatrixcurrentrow=\count283
\pgfmatrixcurrentcolumn=\count284
\pgf@matrix@numberofcolumns=\count285
)
\tikz@expandcount=\count286

(c:/texlive/2023/texmf-dist/tex/generic/pgf/frontendlayer/tikz/libraries/tikzli
brarytopaths.code.tex
File: tikzlibrarytopaths.code.tex 2023-01-15 v3.1.10 (3.1.10)
)))
(c:/texlive/2023/texmf-dist/tex/latex/base/inputenc.sty
Package: inputenc 2021/02/14 v1.3d Input encoding file
\inpenc@prehook=\toks31
\inpenc@posthook=\toks32
)
(c:/texlive/2023/texmf-dist/tex/latex/makecell/makecell.sty
Package: makecell 2009/08/03 V0.1e Managing of Tab Column Heads and Cells

(c:/texlive/2023/texmf-dist/tex/latex/tools/array.sty
Package: array 2022/09/04 v2.5g Tabular extension package (FMi)
\col@sep=\dimen270
\ar@mcellbox=\box63
\extrarowheight=\dimen271
\NC@list=\toks33
\extratabsurround=\skip50
\backup@length=\skip51
\ar@cellbox=\box64
)
\rotheadsize=\dimen272
\c@nlinenum=\count287
\TeXr@lab=\toks34
)
(c:/texlive/2023/texmf-dist/tex/latex/marvosym/marvosym.sty
Package: marvosym 2011/07/20 v2.2 Martin Vogel's Symbols font definitions
)
(c:/texlive/2023/texmf-dist/tex/latex/eurosym/eurosym.sty
Package: eurosym 1998/08/06 v1.1 European currency symbol ``Euro''
\@eurobox=\box65
)
(c:/texlive/2023/texmf-dist/tex/latex/threeparttablex/threeparttablex.sty
Package: threeparttablex 2013/07/23 v0.3 by daleif

(c:/texlive/2023/texmf-dist/tex/latex/environ/environ.sty
Package: environ 2014/05/04 v0.3 A new way to define environments

(c:/texlive/2023/texmf-dist/tex/latex/trimspaces/trimspaces.sty
Package: trimspaces 2009/09/17 v1.1 Trim spaces around a token list
)
\@envbody=\toks35
)
\TPTL@width=\skip52
)
(c:/texlive/2023/texmf-dist/tex/latex/tools/tabularx.sty
Package: tabularx 2020/01/15 v2.11c `tabularx' package (DPC)
\TX@col@width=\dimen273
\TX@old@table=\dimen274
\TX@old@col=\dimen275
\TX@target=\dimen276
\TX@delta=\dimen277
\TX@cols=\count288
\TX@ftn=\toks36
)
(c:/texlive/2023/texmf-dist/tex/latex/caption/subcaption.sty
Package: subcaption 2023/07/28 v1.6b Sub-captions (AR)

(c:/texlive/2023/texmf-dist/tex/latex/caption/caption.sty
Package: caption 2023/08/05 v3.6o Customizing captions (AR)

(c:/texlive/2023/texmf-dist/tex/latex/caption/caption3.sty
Package: caption3 2023/07/31 v2.4d caption3 kernel (AR)
\caption@tempdima=\dimen278
\captionmargin=\dimen279
\caption@leftmargin=\dimen280
\caption@rightmargin=\dimen281
\caption@width=\dimen282
\caption@indent=\dimen283
\caption@parindent=\dimen284
\caption@hangindent=\dimen285
Package caption Info: Standard document class detected.
)
\c@caption@flags=\count289
\c@continuedfloat=\count290
Package caption Info: threeparttable package is loaded.
)
Package caption Info: New subtype `subfigure' on input line 238.
\c@subfigure=\count291
Package caption Info: New subtype `subtable' on input line 238.
\c@subtable=\count292
)
(c:/texlive/2023/texmf-dist/tex/latex/float/float.sty
Package: float 2001/11/08 v1.3d Float enhancements (AL)
\c@float@type=\count293
\float@exts=\toks37
\float@box=\box66
\@float@everytoks=\toks38
\@floatcapt=\box67
)
   defining Unicode char U+20AC (decimal 8364)

(c:/texlive/2023/texmf-dist/tex/generic/ulem/ulem.sty
\UL@box=\box68
\UL@hyphenbox=\box69
\UL@skip=\skip53
\UL@hook=\toks39
\UL@height=\dimen286
\UL@pe=\count294
\UL@pixel=\dimen287
\ULC@box=\box70
Package: ulem 2019/11/18
\ULdepth=\dimen288
)
(c:/texlive/2023/texmf-dist/tex/latex/l3backend/l3backend-pdftex.def
File: l3backend-pdftex.def 2023-04-19 L3 backend support: PDF output (pdfTeX)
\l__color_backend_stack_int=\count295
\l__pdf_internal_box=\box71
)
(./visual_tables.aux

LaTeX Warning: Label `fig:picture1' multiply defined.


LaTeX Warning: Label `sub@fig:picture1' multiply defined.


LaTeX Warning: Label `fig:picture2' multiply defined.


LaTeX Warning: Label `sub@fig:picture2' multiply defined.


LaTeX Warning: Label `fig:all_pictures' multiply defined.


LaTeX Warning: Label `fig:picture1' multiply defined.


LaTeX Warning: Label `sub@fig:picture1' multiply defined.


LaTeX Warning: Label `fig:picture2' multiply defined.


LaTeX Warning: Label `sub@fig:picture2' multiply defined.


LaTeX Warning: Label `fig:picture3' multiply defined.


LaTeX Warning: Label `sub@fig:picture3' multiply defined.


LaTeX Warning: Label `fig:picture3' multiply defined.


LaTeX Warning: Label `sub@fig:picture3' multiply defined.


LaTeX Warning: Label `fig:picture1' multiply defined.


LaTeX Warning: Label `sub@fig:picture1' multiply defined.


LaTeX Warning: Label `fig:picture2' multiply defined.


LaTeX Warning: Label `sub@fig:picture2' multiply defined.


LaTeX Warning: Label `fig:picture3' multiply defined.


LaTeX Warning: Label `sub@fig:picture3' multiply defined.


LaTeX Warning: Label `fig:picture3' multiply defined.


LaTeX Warning: Label `sub@fig:picture3' multiply defined.


LaTeX Warning: Label `fig:surp_ren' multiply defined.

)
\openout1 = `visual_tables.aux'.

LaTeX Font Info:    Checking defaults for OML/cmm/m/it on input line 25.
LaTeX Font Info:    ... okay on input line 25.
LaTeX Font Info:    Checking defaults for OMS/cmsy/m/n on input line 25.
LaTeX Font Info:    ... okay on input line 25.
LaTeX Font Info:    Checking defaults for OT1/cmr/m/n on input line 25.
LaTeX Font Info:    ... okay on input line 25.
LaTeX Font Info:    Checking defaults for T1/cmr/m/n on input line 25.
LaTeX Font Info:    ... okay on input line 25.
LaTeX Font Info:    Checking defaults for TS1/cmr/m/n on input line 25.
LaTeX Font Info:    ... okay on input line 25.
LaTeX Font Info:    Checking defaults for OMX/cmex/m/n on input line 25.
LaTeX Font Info:    ... okay on input line 25.
LaTeX Font Info:    Checking defaults for U/cmr/m/n on input line 25.
LaTeX Font Info:    ... okay on input line 25.

*geometry* driver: auto-detecting
*geometry* detected driver: pdftex
*geometry* verbose mode - [ preamble ] result:
* driver: pdftex
* paper: <default>
* layout: <same size as paper>
* layoutoffset:(h,v)=(0.0pt,0.0pt)
* modes: 
* h-part:(L,W,R)=(56.9055pt, 500.484pt, 56.9055pt)
* v-part:(T,H,B)=(56.9055pt, 681.15898pt, 56.9055pt)
* \paperwidth=614.295pt
* \paperheight=794.96999pt
* \textwidth=500.484pt
* \textheight=681.15898pt
* \oddsidemargin=-15.36449pt
* \evensidemargin=-15.36449pt
* \topmargin=-52.36449pt
* \headheight=12.0pt
* \headsep=25.0pt
* \topskip=10.0pt
* \footskip=30.0pt
* \marginparwidth=65.0pt
* \marginparsep=11.0pt
* \columnsep=10.0pt
* \skip\footins=9.0pt plus 4.0pt minus 2.0pt
* \hoffset=0.0pt
* \voffset=0.0pt
* \mag=1000
* \@twocolumnfalse
* \@twosidefalse
* \@mparswitchfalse
* \@reversemarginfalse
* (1in=72.27pt=25.4mm, 1cm=28.453pt)

(c:/texlive/2023/texmf-dist/tex/context/base/mkii/supp-pdf.mkii
[Loading MPS to PDF converter (version 2006.09.02).]
\scratchcounter=\count296
\scratchdimen=\dimen289
\scratchbox=\box72
\nofMPsegments=\count297
\nofMParguments=\count298
\everyMPshowfont=\toks40
\MPscratchCnt=\count299
\MPscratchDim=\dimen290
\MPnumerator=\count300
\makeMPintoPDFobject=\count301
\everyMPtoPDFconversion=\toks41
) (c:/texlive/2023/texmf-dist/tex/latex/epstopdf-pkg/epstopdf-base.sty
Package: epstopdf-base 2020-01-24 v2.11 Base part for package epstopdf

(c:/texlive/2023/texmf-dist/tex/generic/infwarerr/infwarerr.sty
Package: infwarerr 2019/12/03 v1.5 Providing info/warning/error messages (HO)
)
(c:/texlive/2023/texmf-dist/tex/latex/grfext/grfext.sty
Package: grfext 2019/12/03 v1.3 Manage graphics extensions (HO)

(c:/texlive/2023/texmf-dist/tex/generic/kvdefinekeys/kvdefinekeys.sty
Package: kvdefinekeys 2019-12-19 v1.6 Define keys (HO)
))
(c:/texlive/2023/texmf-dist/tex/latex/kvoptions/kvoptions.sty
Package: kvoptions 2022-06-15 v3.15 Key value format for package options (HO)

(c:/texlive/2023/texmf-dist/tex/generic/ltxcmds/ltxcmds.sty
Package: ltxcmds 2020-05-10 v1.25 LaTeX kernel commands for general use (HO)
)
(c:/texlive/2023/texmf-dist/tex/latex/kvsetkeys/kvsetkeys.sty
Package: kvsetkeys 2022-10-05 v1.19 Key value parser (HO)
))
(c:/texlive/2023/texmf-dist/tex/generic/pdftexcmds/pdftexcmds.sty
Package: pdftexcmds 2020-06-27 v0.33 Utility functions of pdfTeX for LuaTeX (HO
)
Package pdftexcmds Info: \pdf@primitive is available.
Package pdftexcmds Info: \pdf@ifprimitive is available.
Package pdftexcmds Info: \pdfdraftmode found.
)
Package epstopdf-base Info: Redefining graphics rule for `.eps' on input line 4
85.
Package grfext Info: Graphics extension search list:
(grfext)             [.pdf,.png,.jpg,.mps,.jpeg,.jbig2,.jb2,.PDF,.PNG,.JPG,.JPE
G,.JBIG2,.JB2,.eps]
(grfext)             \AppendGraphicsExtensions on input line 504.

(c:/texlive/2023/texmf-dist/tex/latex/latexconfig/epstopdf-sys.cfg
File: epstopdf-sys.cfg 2010/07/13 v1.3 Configuration of (r)epstopdf for TeX Liv
e
))
Package caption Info: Begin \AtBeginDocument code.
Package caption Info: float package is loaded.
Package caption Info: End \AtBeginDocument code.
LaTeX Font Info:    External font `cmex10' loaded for size
(Font)              <12> on input line 27.
LaTeX Font Info:    External font `cmex10' loaded for size
(Font)              <8> on input line 27.
LaTeX Font Info:    External font `cmex10' loaded for size
(Font)              <6> on input line 27.
LaTeX Font Info:    External font `cmex10' loaded for size
(Font)              <7> on input line 37.
LaTeX Font Info:    External font `cmex10' loaded for size
(Font)              <5> on input line 37.

(./sum_stat.tex)
Package epstopdf Info: Source file: <lifecycle_aggregate.eps>
(epstopdf)                    date: 2025-05-22 18:46:57
(epstopdf)                    size: 32124 bytes
(epstopdf)             Output file: <lifecycle_aggregate-eps-converted-to.pdf>
(epstopdf)                    date: 2025-05-23 19:32:45
(epstopdf)                    size: 16451 bytes
(epstopdf)             Command: <repstopdf --outfile=lifecycle_aggregate-eps-co
nverted-to.pdf lifecycle_aggregate.eps>
(epstopdf)             \includegraphics on input line 59.
Package epstopdf Info: Output file is already uptodate.
<lifecycle_aggregate-eps-converted-to.pdf, id=4, 377.41pt x 262.9825pt>
File: lifecycle_aggregate-eps-converted-to.pdf Graphic file (type pdf)
<use lifecycle_aggregate-eps-converted-to.pdf>
Package pdftex.def Info: lifecycle_aggregate-eps-converted-to.pdf  used on inpu
t line 59.
(pdftex.def)             Requested size: 245.2399pt x 170.88441pt.
Package epstopdf Info: Source file: <lifecycle_married.eps>
(epstopdf)                    date: 2025-05-22 18:46:58
(epstopdf)                    size: 31453 bytes
(epstopdf)             Output file: <lifecycle_married-eps-converted-to.pdf>
(epstopdf)                    date: 2025-05-23 19:32:47
(epstopdf)                    size: 16052 bytes
(epstopdf)             Command: <repstopdf --outfile=lifecycle_married-eps-conv
erted-to.pdf lifecycle_married.eps>
(epstopdf)             \includegraphics on input line 66.
Package epstopdf Info: Output file is already uptodate.
<lifecycle_married-eps-converted-to.pdf, id=5, 377.41pt x 262.9825pt>
File: lifecycle_married-eps-converted-to.pdf Graphic file (type pdf)
<use lifecycle_married-eps-converted-to.pdf>
Package pdftex.def Info: lifecycle_married-eps-converted-to.pdf  used on input 
line 66.
(pdftex.def)             Requested size: 245.2399pt x 170.88441pt.
Package epstopdf Info: Source file: <lifecycle_singlew.eps>
(epstopdf)                    date: 2025-05-22 18:46:58
(epstopdf)                    size: 28568 bytes
(epstopdf)             Output file: <lifecycle_singlew-eps-converted-to.pdf>
(epstopdf)                    date: 2025-05-23 19:32:48
(epstopdf)                    size: 15235 bytes
(epstopdf)             Command: <repstopdf --outfile=lifecycle_singlew-eps-conv
erted-to.pdf lifecycle_singlew.eps>
(epstopdf)             \includegraphics on input line 73.
Package epstopdf Info: Output file is already uptodate.
<lifecycle_singlew-eps-converted-to.pdf, id=6, 377.41pt x 262.9825pt>
File: lifecycle_singlew-eps-converted-to.pdf Graphic file (type pdf)
<use lifecycle_singlew-eps-converted-to.pdf>
Package pdftex.def Info: lifecycle_singlew-eps-converted-to.pdf  used on input 
line 73.
(pdftex.def)             Requested size: 245.2399pt x 170.88441pt.
 [1

{c:/texlive/2023/texmf-var/fonts/map/pdftex/updmap/pdftex.map}] (./log_growth_m
oments.tex)
Package epstopdf Info: Source file: <lifecycle_ineq1.eps>
(epstopdf)                    date: 2025-05-22 18:46:56
(epstopdf)                    size: 24502 bytes
(epstopdf)             Output file: <lifecycle_ineq1-eps-converted-to.pdf>
(epstopdf)                    date: 2025-05-23 19:32:49
(epstopdf)                    size: 13519 bytes
(epstopdf)             Command: <repstopdf --outfile=lifecycle_ineq1-eps-conver
ted-to.pdf lifecycle_ineq1.eps>
(epstopdf)             \includegraphics on input line 110.
Package epstopdf Info: Output file is already uptodate.
<lifecycle_ineq1-eps-converted-to.pdf, id=18, 371.3875pt x 262.9825pt>
File: lifecycle_ineq1-eps-converted-to.pdf Graphic file (type pdf)
<use lifecycle_ineq1-eps-converted-to.pdf>
Package pdftex.def Info: lifecycle_ineq1-eps-converted-to.pdf  used on input li
ne 110.
(pdftex.def)             Requested size: 245.2399pt x 173.66127pt.
Package epstopdf Info: Source file: <lifecycle_ineq2.eps>
(epstopdf)                    date: 2025-05-22 18:46:57
(epstopdf)                    size: 23721 bytes
(epstopdf)             Output file: <lifecycle_ineq2-eps-converted-to.pdf>
(epstopdf)                    date: 2025-05-23 19:32:51
(epstopdf)                    size: 12846 bytes
(epstopdf)             Command: <repstopdf --outfile=lifecycle_ineq2-eps-conver
ted-to.pdf lifecycle_ineq2.eps>
(epstopdf)             \includegraphics on input line 116.
Package epstopdf Info: Output file is already uptodate.
<lifecycle_ineq2-eps-converted-to.pdf, id=19, 371.3875pt x 262.9825pt>
File: lifecycle_ineq2-eps-converted-to.pdf Graphic file (type pdf)
<use lifecycle_ineq2-eps-converted-to.pdf>
Package pdftex.def Info: lifecycle_ineq2-eps-converted-to.pdf  used on input li
ne 116.
(pdftex.def)             Requested size: 245.2399pt x 173.66127pt.
 [2 <./lifecycle_aggregate-eps-converted-to.pdf> <./lifecycle_married-eps-conve
rted-to.pdf> <./lifecycle_singlew-eps-converted-to.pdf>]
Package epstopdf Info: Source file: <surp_ren_div.eps>
(epstopdf)                    date: 2025-05-22 18:39:17
(epstopdf)                    size: 2450650 bytes
(epstopdf)             Output file: <surp_ren_div-eps-converted-to.pdf>
(epstopdf)                    date: 2025-05-23 19:32:52
(epstopdf)                    size: 84723 bytes
(epstopdf)             Command: <repstopdf --outfile=surp_ren_div-eps-converted
-to.pdf surp_ren_div.eps>
(epstopdf)             \includegraphics on input line 137.
Package epstopdf Info: Output file is already uptodate.
<surp_ren_div-eps-converted-to.pdf, id=132, 379.4175pt x 275.0275pt>
File: surp_ren_div-eps-converted-to.pdf Graphic file (type pdf)
<use surp_ren_div-eps-converted-to.pdf>
Package pdftex.def Info: surp_ren_div-eps-converted-to.pdf  used on input line 
137.
(pdftex.def)             Requested size: 245.2399pt x 177.77116pt.
Package epstopdf Info: Source file: <surp_div.eps>
(epstopdf)                    date: 2025-05-22 18:39:19
(epstopdf)                    size: 2449492 bytes
(epstopdf)             Output file: <surp_div-eps-converted-to.pdf>
(epstopdf)                    date: 2025-05-23 19:32:54
(epstopdf)                    size: 69745 bytes
(epstopdf)             Command: <repstopdf --outfile=surp_div-eps-converted-to.
pdf surp_div.eps>
(epstopdf)             \includegraphics on input line 144.
Package epstopdf Info: Output file is already uptodate.
<surp_div-eps-converted-to.pdf, id=133, 379.4175pt x 275.0275pt>
File: surp_div-eps-converted-to.pdf Graphic file (type pdf)
<use surp_div-eps-converted-to.pdf>
Package pdftex.def Info: surp_div-eps-converted-to.pdf  used on input line 144.

(pdftex.def)             Requested size: 245.2399pt x 177.77116pt.
Package epstopdf Info: Source file: <surp_renw.eps>
(epstopdf)                    date: 2025-05-22 18:39:20
(epstopdf)                    size: 2451270 bytes
(epstopdf)             Output file: <surp_renw-eps-converted-to.pdf>
(epstopdf)                    date: 2025-05-23 19:32:56
(epstopdf)                    size: 79270 bytes
(epstopdf)             Command: <repstopdf --outfile=surp_renw-eps-converted-to
.pdf surp_renw.eps>
(epstopdf)             \includegraphics on input line 151.
Package epstopdf Info: Output file is already uptodate.
<surp_renw-eps-converted-to.pdf, id=134, 379.4175pt x 275.0275pt>
File: surp_renw-eps-converted-to.pdf Graphic file (type pdf)
<use surp_renw-eps-converted-to.pdf>
Package pdftex.def Info: surp_renw-eps-converted-to.pdf  used on input line 151
.
(pdftex.def)             Requested size: 245.2399pt x 177.77116pt.
Package epstopdf Info: Source file: <surp_renm.eps>
(epstopdf)                    date: 2025-05-22 18:39:21
(epstopdf)                    size: 2451718 bytes
(epstopdf)             Output file: <surp_renm-eps-converted-to.pdf>
(epstopdf)                    date: 2025-05-23 19:32:57
(epstopdf)                    size: 65376 bytes
(epstopdf)             Command: <repstopdf --outfile=surp_renm-eps-converted-to
.pdf surp_renm.eps>
(epstopdf)             \includegraphics on input line 158.
Package epstopdf Info: Output file is already uptodate.
<surp_renm-eps-converted-to.pdf, id=135, 379.4175pt x 275.0275pt>
File: surp_renm-eps-converted-to.pdf Graphic file (type pdf)
<use surp_renm-eps-converted-to.pdf>
Package pdftex.def Info: surp_renm-eps-converted-to.pdf  used on input line 158
.
(pdftex.def)             Requested size: 245.2399pt x 177.77116pt.
Package epstopdf Info: Source file: <match_earn_ren_div.eps>
(epstopdf)                    date: 2025-05-22 18:39:13
(epstopdf)                    size: 446410 bytes
(epstopdf)             Output file: <match_earn_ren_div-eps-converted-to.pdf>
(epstopdf)                    date: 2025-05-23 19:32:59
(epstopdf)                    size: 25182 bytes
(epstopdf)             Command: <repstopdf --outfile=match_earn_ren_div-eps-con
verted-to.pdf match_earn_ren_div.eps>
(epstopdf)             \includegraphics on input line 171.
Package epstopdf Info: Output file is already uptodate.
<match_earn_ren_div-eps-converted-to.pdf, id=136, 375.4025pt x 287.0725pt>
File: match_earn_ren_div-eps-converted-to.pdf Graphic file (type pdf)
<use match_earn_ren_div-eps-converted-to.pdf>
Package pdftex.def Info: match_earn_ren_div-eps-converted-to.pdf  used on input
 line 171.
(pdftex.def)             Requested size: 500.484pt x 382.74779pt.
 [3 <./lifecycle_ineq1-eps-converted-to.pdf> <./lifecycle_ineq2-eps-converted-t
o.pdf> <./surp_ren_div-eps-converted-to.pdf> <./surp_div-eps-converted-to.pdf> 
<./surp_renw-eps-converted-to.pdf> <./surp_renm-eps-converted-to.pdf>]
Package epstopdf Info: Source file: <shocks_ren_div.eps>
(epstopdf)                    date: 2025-05-22 18:39:14
(epstopdf)                    size: 400003 bytes
(epstopdf)             Output file: <shocks_ren_div-eps-converted-to.pdf>
(epstopdf)                    date: 2025-05-23 19:33:00
(epstopdf)                    size: 17023 bytes
(epstopdf)             Command: <repstopdf --outfile=shocks_ren_div-eps-convert
ed-to.pdf shocks_ren_div.eps>
(epstopdf)             \includegraphics on input line 184.
Package epstopdf Info: Output file is already uptodate.
<shocks_ren_div-eps-converted-to.pdf, id=350, 381.425pt x 281.05pt>
File: shocks_ren_div-eps-converted-to.pdf Graphic file (type pdf)
<use shocks_ren_div-eps-converted-to.pdf>
Package pdftex.def Info: shocks_ren_div-eps-converted-to.pdf  used on input lin
e 184.
(pdftex.def)             Requested size: 245.2399pt x 180.70334pt.
Package epstopdf Info: Source file: <shocks_div.eps>
(epstopdf)                    date: 2025-05-22 18:39:15
(epstopdf)                    size: 398247 bytes
(epstopdf)             Output file: <shocks_div-eps-converted-to.pdf>
(epstopdf)                    date: 2025-05-23 19:33:02
(epstopdf)                    size: 16237 bytes
(epstopdf)             Command: <repstopdf --outfile=shocks_div-eps-converted-t
o.pdf shocks_div.eps>
(epstopdf)             \includegraphics on input line 191.
Package epstopdf Info: Output file is already uptodate.
<shocks_div-eps-converted-to.pdf, id=351, 381.425pt x 281.05pt>
File: shocks_div-eps-converted-to.pdf Graphic file (type pdf)
<use shocks_div-eps-converted-to.pdf>
Package pdftex.def Info: shocks_div-eps-converted-to.pdf  used on input line 19
1.
(pdftex.def)             Requested size: 245.2399pt x 180.70334pt.
Package epstopdf Info: Source file: <shocks_ren_w.eps>
(epstopdf)                    date: 2025-05-22 18:39:15
(epstopdf)                    size: 398895 bytes
(epstopdf)             Output file: <shocks_ren_w-eps-converted-to.pdf>
(epstopdf)                    date: 2025-05-23 19:33:03
(epstopdf)                    size: 16518 bytes
(epstopdf)             Command: <repstopdf --outfile=shocks_ren_w-eps-converted
-to.pdf shocks_ren_w.eps>
(epstopdf)             \includegraphics on input line 198.
Package epstopdf Info: Output file is already uptodate.
<shocks_ren_w-eps-converted-to.pdf, id=352, 381.425pt x 281.05pt>
File: shocks_ren_w-eps-converted-to.pdf Graphic file (type pdf)
<use shocks_ren_w-eps-converted-to.pdf>
Package pdftex.def Info: shocks_ren_w-eps-converted-to.pdf  used on input line 
198.
(pdftex.def)             Requested size: 245.2399pt x 180.70334pt.
Package epstopdf Info: Source file: <shocks_ren_m.eps>
(epstopdf)                    date: 2025-05-22 18:39:16
(epstopdf)                    size: 399892 bytes
(epstopdf)             Output file: <shocks_ren_m-eps-converted-to.pdf>
(epstopdf)                    date: 2025-05-23 19:33:05
(epstopdf)                    size: 17061 bytes
(epstopdf)             Command: <repstopdf --outfile=shocks_ren_m-eps-converted
-to.pdf shocks_ren_m.eps>
(epstopdf)             \includegraphics on input line 205.
Package epstopdf Info: Output file is already uptodate.
<shocks_ren_m-eps-converted-to.pdf, id=353, 381.425pt x 281.05pt>
File: shocks_ren_m-eps-converted-to.pdf Graphic file (type pdf)
<use shocks_ren_m-eps-converted-to.pdf>
Package pdftex.def Info: shocks_ren_m-eps-converted-to.pdf  used on input line 
205.
(pdftex.def)             Requested size: 245.2399pt x 180.70334pt.

[4 <./match_earn_ren_div-eps-converted-to.pdf>]
Package epstopdf Info: Source file: <surplus_dist.eps>
(epstopdf)                    date: 2025-05-22 18:39:22
(epstopdf)                    size: 88850 bytes
(epstopdf)             Output file: <surplus_dist-eps-converted-to.pdf>
(epstopdf)                    date: 2025-05-23 19:33:06
(epstopdf)                    size: 12268 bytes
(epstopdf)             Command: <repstopdf --outfile=surplus_dist-eps-converted
-to.pdf surplus_dist.eps>
(epstopdf)             \includegraphics on input line 218.
Package epstopdf Info: Output file is already uptodate.
<surplus_dist-eps-converted-to.pdf, id=402, 431.6125pt x 287.0725pt>
File: surplus_dist-eps-converted-to.pdf Graphic file (type pdf)
<use surplus_dist-eps-converted-to.pdf>
Package pdftex.def Info: surplus_dist-eps-converted-to.pdf  used on input line 
218.
(pdftex.def)             Requested size: 500.484pt x 332.89043pt.
 [5 <./shocks_ren_div-eps-converted-to.pdf> <./shocks_div-eps-converted-to.pdf>
 <./shocks_ren_w-eps-converted-to.pdf> <./shocks_ren_m-eps-converted-to.pdf>]
Package epstopdf Info: Source file: <surplus_dist_2d.eps>
(epstopdf)                    date: 2025-05-22 18:39:26
(epstopdf)                    size: 169851 bytes
(epstopdf)             Output file: <surplus_dist_2d-eps-converted-to.pdf>
(epstopdf)                    date: 2025-05-23 19:33:08
(epstopdf)                    size: 21047 bytes
(epstopdf)             Command: <repstopdf --outfile=surplus_dist_2d-eps-conver
ted-to.pdf surplus_dist_2d.eps>
(epstopdf)             \includegraphics on input line 227.
Package epstopdf Info: Output file is already uptodate.
<surplus_dist_2d-eps-converted-to.pdf, id=543, 383.4325pt x 248.93pt>
File: surplus_dist_2d-eps-converted-to.pdf Graphic file (type pdf)
<use surplus_dist_2d-eps-converted-to.pdf>
Package pdftex.def Info: surplus_dist_2d-eps-converted-to.pdf  used on input li
ne 227.
(pdftex.def)             Requested size: 500.484pt x 324.94217pt.
 [6 <./surplus_dist-eps-converted-to.pdf>]
Package epstopdf Info: Source file: <surplus_dist_i_2d.eps>
(epstopdf)                    date: 2025-05-22 18:39:30
(epstopdf)                    size: 131001 bytes
(epstopdf)             Output file: <surplus_dist_i_2d-eps-converted-to.pdf>
(epstopdf)                    date: 2025-05-23 19:33:09
(epstopdf)                    size: 20348 bytes
(epstopdf)             Command: <repstopdf --outfile=surplus_dist_i_2d-eps-conv
erted-to.pdf surplus_dist_i_2d.eps>
(epstopdf)             \includegraphics on input line 235.
Package epstopdf Info: Output file is already uptodate.
<surplus_dist_i_2d-eps-converted-to.pdf, id=567, 375.4025pt x 248.93pt>
File: surplus_dist_i_2d-eps-converted-to.pdf Graphic file (type pdf)
<use surplus_dist_i_2d-eps-converted-to.pdf>
Package pdftex.def Info: surplus_dist_i_2d-eps-converted-to.pdf  used on input 
line 235.
(pdftex.def)             Requested size: 500.484pt x 331.89317pt.
 [7 <./surplus_dist_2d-eps-converted-to.pdf>] (./allinc.tex)

LaTeX Warning: `h' float specifier changed to `ht'.

(./trainc.tex)

LaTeX Warning: `h' float specifier changed to `ht'.

(./perinc.tex)

LaTeX Warning: `h' float specifier changed to `ht'.

(./BPP_MPC.tex)

LaTeX Warning: `h' float specifier changed to `ht'.

(./BPP_PER.tex)

LaTeX Warning: `h' float specifier changed to `ht'.

(./WLP.tex)

LaTeX Warning: `h' float specifier changed to `ht'.

(./level.tex)

LaTeX Warning: `h' float specifier changed to `ht'.

[8{c:/texlive/2023/texmf-dist/fonts/enc/dvips/cm-super/cm-super-ts1.enc} <./sur
plus_dist_i_2d-eps-converted-to.pdf>] [9] [10] (./visual_tables.aux)
 ***********
LaTeX2e <2023-06-01> patch level 1
L3 programming layer <2023-08-29>
 ***********


LaTeX Warning: There were multiply-defined labels.

 ) 
Here is how much of TeX's memory you used:
 15601 strings out of 474928
 313390 string characters out of 5763562
 1944785 words of memory out of 5000000
 36842 multiletter control sequences out of 15000+600000
 563410 words of font info for 54 fonts, out of 8000000 for 9000
 1141 hyphenation exceptions out of 8191
 84i,11n,89p,581b,485s stack positions out of 10000i,1000n,20000p,200000b,200000s
<c:/texlive/2023/texmf-dist/fonts/type1/public/amsfonts/cm/cmbx10.pfb><c:/tex
live/2023/texmf-dist/fonts/type1/public/amsfonts/cm/cmbx12.pfb><c:/texlive/2023
/texmf-dist/fonts/type1/public/amsfonts/cm/cmcsc10.pfb><c:/texlive/2023/texmf-d
ist/fonts/type1/public/amsfonts/cm/cmmi6.pfb><c:/texlive/2023/texmf-dist/fonts/
type1/public/amsfonts/cm/cmmi8.pfb><c:/texlive/2023/texmf-dist/fonts/type1/publ
ic/amsfonts/cm/cmr10.pfb><c:/texlive/2023/texmf-dist/fonts/type1/public/amsfont
s/cm/cmr12.pfb><c:/texlive/2023/texmf-dist/fonts/type1/public/amsfonts/cm/cmr17
.pfb><c:/texlive/2023/texmf-dist/fonts/type1/public/amsfonts/cm/cmr6.pfb><c:/te
xlive/2023/texmf-dist/fonts/type1/public/amsfonts/cm/cmr8.pfb><c:/texlive/2023/
texmf-dist/fonts/type1/public/amsfonts/cm/cmr9.pfb><c:/texlive/2023/texmf-dist/
fonts/type1/public/amsfonts/cm/cmsy6.pfb><c:/texlive/2023/texmf-dist/fonts/type
1/public/amsfonts/cm/cmti8.pfb><c:/texlive/2023/texmf-dist/fonts/type1/public/c
m-super/sfrm1000.pfb>
Output written on visual_tables.pdf (10 pages, 637012 bytes).
PDF statistics:
 710 PDF objects out of 1000 (max. 8388607)
 138 compressed objects within 2 object streams
 0 named destinations out of 1000 (max. 500000)
 98 words of extra memory for PDF output out of 10000 (max. 10000000)

